\BOOKMARK [0][-]{chapter*.1}{\376\377\000A\000c\000k\000n\000o\000w\000l\000e\000d\000g\000m\000e\000n\000t}{}% 1
\BOOKMARK [0][-]{chapter*.2}{\376\377\000A\000b\000s\000t\000r\000a\000c\000t}{}% 2
\BOOKMARK [0][-]{chapter.1}{\376\377\000I\000N\000T\000R\000O\000D\000U\000C\000T\000I\000O\000N}{}% 3
\BOOKMARK [1][-]{section.1.1}{\376\377\000P\000U\000R\000P\000O\000S\000E}{chapter.1}% 4
\BOOKMARK [1][-]{section.1.2}{\376\377\000P\000R\000O\000J\000E\000C\000T\000\040\000S\000C\000O\000P\000E}{chapter.1}% 5
\BOOKMARK [2][-]{subsection.1.2.1}{\376\377\000R\000e\000a\000l\000-\000T\000i\000m\000e\000\040\000E\000n\000g\000i\000n\000e\000\040\000D\000i\000a\000g\000n\000o\000s\000t\000i\000c\000s\000\040\000a\000n\000d\000\040\000A\000l\000e\000r\000t\000s}{section.1.2}% 6
\BOOKMARK [2][-]{subsection.1.2.2}{\376\377\000D\000r\000i\000v\000i\000n\000g\000\040\000P\000a\000t\000t\000e\000r\000n\000\040\000A\000n\000a\000l\000y\000s\000i\000s\000\040\000f\000o\000r\000\040\000I\000n\000s\000u\000r\000a\000n\000c\000e\000\040\000a\000n\000d\000\040\000G\000o\000v\000e\000r\000n\000m\000e\000n\000t\000\040\000U\000s\000e}{section.1.2}% 7
\BOOKMARK [2][-]{subsection.1.2.3}{\376\377\000E\000n\000h\000a\000n\000c\000e\000d\000\040\000V\000e\000h\000i\000c\000l\000e\000\040\000S\000a\000f\000e\000t\000y\000\040\000a\000n\000d\000\040\000A\000c\000c\000i\000d\000e\000n\000t\000\040\000A\000n\000a\000l\000y\000s\000i\000s}{section.1.2}% 8
\BOOKMARK [1][-]{section.1.3}{\376\377\000L\000I\000T\000E\000R\000A\000T\000U\000R\000E\000\040\000S\000U\000R\000V\000E\000Y}{chapter.1}% 9
\BOOKMARK [2][-]{subsection.1.3.1}{\376\377\000O\000V\000E\000R\000V\000I\000E\000W}{section.1.3}% 10
\BOOKMARK [2][-]{subsection.1.3.2}{\376\377\000K\000e\000y\000\040\000R\000e\000s\000e\000a\000r\000c\000h\000\040\000I\000n\000s\000i\000g\000h\000t\000s}{section.1.3}% 11
\BOOKMARK [2][-]{subsection.1.3.3}{\376\377\000\040\000A\000p\000p\000l\000i\000c\000a\000t\000i\000o\000n\000s\000\040\000o\000f\000\040\000R\000e\000s\000e\000a\000r\000c\000h}{section.1.3}% 12
\BOOKMARK [0][-]{chapter.2}{\376\377\000O\000V\000E\000R\000A\000L\000L\000\040\000D\000E\000S\000C\000R\000I\000P\000T\000I\000O\000N}{}% 13
\BOOKMARK [1][-]{section.2.1}{\376\377\000P\000R\000O\000J\000E\000C\000T\000\040\000P\000E\000R\000S\000P\000E\000C\000T\000I\000V\000E}{chapter.2}% 14
\BOOKMARK [1][-]{section.2.2}{\376\377\000P\000r\000o\000j\000e\000c\000t\000\040\000F\000u\000n\000c\000t\000i\000o\000n\000s}{chapter.2}% 15
\BOOKMARK [1][-]{section.2.3}{\376\377\000U\000s\000e\000r\000\040\000C\000l\000a\000s\000s\000e\000s\000\040\000a\000n\000d\000\040\000C\000h\000a\000r\000a\000c\000t\000e\000r\000i\000s\000t\000i\000c\000s}{chapter.2}% 16
\BOOKMARK [1][-]{section.2.4}{\376\377\000O\000p\000e\000r\000a\000t\000i\000n\000g\000\040\000E\000n\000v\000i\000r\000o\000n\000m\000e\000n\000t}{chapter.2}% 17
\BOOKMARK [0][-]{chapter.3}{\376\377\000R\000E\000Q\000U\000I\000R\000E\000M\000E\000N\000T\000S}{}% 18
\BOOKMARK [1][-]{section.3.1}{\376\377\000F\000u\000n\000c\000t\000i\000o\000n\000a\000l\000\040\000R\000e\000q\000u\000i\000r\000e\000m\000e\000n\000t\000s}{chapter.3}% 19
\BOOKMARK [1][-]{section.3.2}{\376\377\000O\000t\000h\000e\000r\000\040\000N\000o\000n\000f\000u\000n\000c\000t\000i\000o\000n\000a\000l\000\040\000R\000e\000q\000u\000i\000r\000e\000m\000e\000n\000t\000s}{chapter.3}% 20
\BOOKMARK [1][-]{section.3.3}{\376\377\000H\000a\000r\000d\000w\000a\000r\000e\000\040\000R\000e\000q\000u\000i\000r\000e\000m\000e\000n\000t\000s}{chapter.3}% 21
\BOOKMARK [1][-]{section.3.4}{\376\377\000S\000o\000f\000t\000w\000a\000r\000e\000\040\000R\000e\000q\000u\000i\000r\000e\000m\000e\000n\000t\000s}{chapter.3}% 22
\BOOKMARK [0][-]{chapter.4}{\376\377\000S\000Y\000S\000T\000E\000M\000\040\000D\000E\000S\000I\000G\000N}{}% 23
\BOOKMARK [1][-]{section.4.1}{\376\377\000S\000y\000s\000t\000e\000m\000\040\000A\000r\000c\000h\000i\000t\000e\000c\000t\000u\000r\000e\000\040\000O\000v\000e\000r\000v\000i\000e\000w}{chapter.4}% 24
\BOOKMARK [0][-]{chapter.5}{\376\377\000I\000M\000P\000L\000E\000M\000E\000N\000T\000A\000T\000I\000O\000N}{}% 25
\BOOKMARK [1][-]{section.5.1}{\376\377\000D\000a\000t\000a\000\040\000C\000o\000l\000l\000e\000c\000t\000i\000o\000n\000\040\000f\000r\000o\000m\000\040\000C\000a\000r\000\040\000O\000B\000D\000\040\000P\000o\000r\000t}{chapter.5}% 26
\BOOKMARK [2][-]{subsection.5.1.1}{\376\377\000A\000d\000a\000p\000t\000a\000b\000i\000l\000i\000t\000y\000\040\000o\000f\000\040\000t\000h\000e\000\040\000A\000D\000A\000M\000\040\000S\000y\000s\000t\000e\000m}{section.5.1}% 27
\BOOKMARK [2][-]{subsection.5.1.2}{\376\377\000A\000d\000d\000r\000e\000s\000s\000i\000n\000g\000\040\000L\000i\000m\000i\000t\000a\000t\000i\000o\000n\000s}{section.5.1}% 28
\BOOKMARK [1][-]{section.5.2}{\376\377\000D\000a\000t\000a\000\040\000T\000r\000a\000n\000s\000f\000e\000r\000\040\000t\000o\000\040\000G\000o\000\040\000S\000e\000r\000v\000e\000r}{chapter.5}% 29
\BOOKMARK [1][-]{section.5.3}{\376\377\000D\000a\000t\000a\000\040\000S\000t\000o\000r\000a\000g\000e\000\040\000i\000n\000\040\000P\000o\000s\000t\000g\000r\000e\000S\000Q\000L\000\040\000D\000a\000t\000a\000b\000a\000s\000e}{chapter.5}% 30
\BOOKMARK [1][-]{section.5.4}{\376\377\000D\000a\000t\000a\000\040\000A\000n\000a\000l\000y\000s\000i\000s\000\040\000U\000s\000i\000n\000g\000\040\000F\000a\000s\000t\000A\000P\000I\000\040\000a\000n\000d\000\040\000M\000a\000c\000h\000i\000n\000e\000\040\000L\000e\000a\000r\000n\000i\000n\000g}{chapter.5}% 31
\BOOKMARK [1][-]{section.5.5}{\376\377\000C\000h\000a\000t\000b\000o\000t\000\040\000f\000o\000r\000\040\000U\000s\000e\000r\000\040\000I\000n\000t\000e\000r\000a\000c\000t\000i\000o\000n}{chapter.5}% 32
\BOOKMARK [1][-]{section.5.6}{\376\377\000D\000a\000t\000a\000\040\000V\000i\000s\000u\000a\000l\000i\000z\000a\000t\000i\000o\000n\000\040\000v\000i\000a\000\040\000M\000o\000b\000i\000l\000e\000\040\000A\000p\000p}{chapter.5}% 33
\BOOKMARK [0][-]{chapter.6}{\376\377\000C\000O\000N\000C\000L\000U\000S\000I\000O\000N}{}% 34
\BOOKMARK [0][-]{chapter.7}{\376\377\000B\000I\000B\000L\000I\000O\000G\000R\000A\000P\000H\000Y}{}% 35
