This is pdfTeX, Version 3.141592653-2.6-1.40.26 (TeX Live 2024/Arch Linux) (preloaded format=pdflatex 2025.1.3)  7 JAN 2025 00:24
entering extended mode
 restricted \write18 enabled.
 %&-line parsing enabled.
**main.tex
(./main.tex
LaTeX2e <2023-11-01> patch level 1
L3 programming layer <2024-02-20>
(/usr/share/texmf-dist/tex/latex/base/report.cls
Document Class: report 2023/05/17 v1.4n Standard LaTeX document class
(/usr/share/texmf-dist/tex/latex/base/size12.clo
File: size12.clo 2023/05/17 v1.4n Standard LaTeX file (size option)
)
\c@part=\count188
\c@chapter=\count189
\c@section=\count190
\c@subsection=\count191
\c@subsubsection=\count192
\c@paragraph=\count193
\c@subparagraph=\count194
\c@figure=\count195
\c@table=\count196
\abovecaptionskip=\skip48
\belowcaptionskip=\skip49
\bibindent=\dimen140
) (./style/formatting.tex
(/usr/share/texmf-dist/tex/latex/base/inputenc.sty
Package: inputenc 2021/02/14 v1.3d Input encoding file
\inpenc@prehook=\toks17
\inpenc@posthook=\toks18
)
(/usr/share/texmf-dist/tex/latex/base/fontenc.sty
Package: fontenc 2021/04/29 v2.0v Standard LaTeX package
)
(/usr/share/texmf-dist/tex/latex/graphics/graphicx.sty
Package: graphicx 2021/09/16 v1.2d Enhanced LaTeX Graphics (DPC,SPQR)

(/usr/share/texmf-dist/tex/latex/graphics/keyval.sty
Package: keyval 2022/05/29 v1.15 key=value parser (DPC)
\KV@toks@=\toks19
)
(/usr/share/texmf-dist/tex/latex/graphics/graphics.sty
Package: graphics 2022/03/10 v1.4e Standard LaTeX Graphics (DPC,SPQR)

(/usr/share/texmf-dist/tex/latex/graphics/trig.sty
Package: trig 2021/08/11 v1.11 sin cos tan (DPC)
)
(/usr/share/texmf-dist/tex/latex/graphics-cfg/graphics.cfg
File: graphics.cfg 2016/06/04 v1.11 sample graphics configuration
)
Package graphics Info: Driver file: pdftex.def on input line 107.

(/usr/share/texmf-dist/tex/latex/graphics-def/pdftex.def
File: pdftex.def 2022/09/22 v1.2b Graphics/color driver for pdftex
))
\Gin@req@height=\dimen141
\Gin@req@width=\dimen142
)
(/usr/share/texmf-dist/tex/latex/geometry/geometry.sty
Package: geometry 2020/01/02 v5.9 Page Geometry

(/usr/share/texmf-dist/tex/generic/iftex/ifvtex.sty
Package: ifvtex 2019/10/25 v1.7 ifvtex legacy package. Use iftex instead.

(/usr/share/texmf-dist/tex/generic/iftex/iftex.sty
Package: iftex 2022/02/03 v1.0f TeX engine tests
))
\Gm@cnth=\count197
\Gm@cntv=\count198
\c@Gm@tempcnt=\count199
\Gm@bindingoffset=\dimen143
\Gm@wd@mp=\dimen144
\Gm@odd@mp=\dimen145
\Gm@even@mp=\dimen146
\Gm@layoutwidth=\dimen147
\Gm@layoutheight=\dimen148
\Gm@layouthoffset=\dimen149
\Gm@layoutvoffset=\dimen150
\Gm@dimlist=\toks20
)
(/usr/share/texmf-dist/tex/latex/setspace/setspace.sty
Package: setspace 2022/12/04 v6.7b set line spacing
)
(/usr/share/texmf-dist/tex/latex/titlesec/titlesec.sty
Package: titlesec 2023/10/27 v2.16 Sectioning titles
\ttl@box=\box51
\beforetitleunit=\skip50
\aftertitleunit=\skip51
\ttl@plus=\dimen151
\ttl@minus=\dimen152
\ttl@toksa=\toks21
\titlewidth=\dimen153
\titlewidthlast=\dimen154
\titlewidthfirst=\dimen155
)
(/usr/share/texmf-dist/tex/latex/fancyhdr/fancyhdr.sty
Package: fancyhdr 2022/11/09 v4.1 Extensive control of page headers and footers

\f@nch@headwidth=\skip52
\f@nch@O@elh=\skip53
\f@nch@O@erh=\skip54
\f@nch@O@olh=\skip55
\f@nch@O@orh=\skip56
\f@nch@O@elf=\skip57
\f@nch@O@erf=\skip58
\f@nch@O@olf=\skip59
\f@nch@O@orf=\skip60
)
(/usr/share/texmf-dist/tex/latex/ragged2e/ragged2e.sty
Package: ragged2e 2023/06/22 v3.6 ragged2e Package
\CenteringLeftskip=\skip61
\RaggedLeftLeftskip=\skip62
\RaggedRightLeftskip=\skip63
\CenteringRightskip=\skip64
\RaggedLeftRightskip=\skip65
\RaggedRightRightskip=\skip66
\CenteringParfillskip=\skip67
\RaggedLeftParfillskip=\skip68
\RaggedRightParfillskip=\skip69
\JustifyingParfillskip=\skip70
\CenteringParindent=\skip71
\RaggedLeftParindent=\skip72
\RaggedRightParindent=\skip73
\JustifyingParindent=\skip74
)
(/usr/share/texmf-dist/tex/latex/hyperref/hyperref.sty
Package: hyperref 2024-01-20 v7.01h Hypertext links for LaTeX

(/usr/share/texmf-dist/tex/latex/kvsetkeys/kvsetkeys.sty
Package: kvsetkeys 2022-10-05 v1.19 Key value parser (HO)
)
(/usr/share/texmf-dist/tex/generic/kvdefinekeys/kvdefinekeys.sty
Package: kvdefinekeys 2019-12-19 v1.6 Define keys (HO)
)
(/usr/share/texmf-dist/tex/generic/pdfescape/pdfescape.sty
Package: pdfescape 2019/12/09 v1.15 Implements pdfTeX's escape features (HO)

(/usr/share/texmf-dist/tex/generic/ltxcmds/ltxcmds.sty
Package: ltxcmds 2023-12-04 v1.26 LaTeX kernel commands for general use (HO)
)
(/usr/share/texmf-dist/tex/generic/pdftexcmds/pdftexcmds.sty
Package: pdftexcmds 2020-06-27 v0.33 Utility functions of pdfTeX for LuaTeX (HO
)

(/usr/share/texmf-dist/tex/generic/infwarerr/infwarerr.sty
Package: infwarerr 2019/12/03 v1.5 Providing info/warning/error messages (HO)
)
Package pdftexcmds Info: \pdf@primitive is available.
Package pdftexcmds Info: \pdf@ifprimitive is available.
Package pdftexcmds Info: \pdfdraftmode found.
))
(/usr/share/texmf-dist/tex/latex/hycolor/hycolor.sty
Package: hycolor 2020-01-27 v1.10 Color options for hyperref/bookmark (HO)
)
(/usr/share/texmf-dist/tex/latex/auxhook/auxhook.sty
Package: auxhook 2019-12-17 v1.6 Hooks for auxiliary files (HO)
)
(/usr/share/texmf-dist/tex/latex/hyperref/nameref.sty
Package: nameref 2023-11-26 v2.56 Cross-referencing by name of section

(/usr/share/texmf-dist/tex/latex/refcount/refcount.sty
Package: refcount 2019/12/15 v3.6 Data extraction from label references (HO)
)
(/usr/share/texmf-dist/tex/generic/gettitlestring/gettitlestring.sty
Package: gettitlestring 2019/12/15 v1.6 Cleanup title references (HO)

(/usr/share/texmf-dist/tex/latex/kvoptions/kvoptions.sty
Package: kvoptions 2022-06-15 v3.15 Key value format for package options (HO)
))
\c@section@level=\count266
)
(/usr/share/texmf-dist/tex/latex/etoolbox/etoolbox.sty
Package: etoolbox 2020/10/05 v2.5k e-TeX tools for LaTeX (JAW)
\etb@tempcnta=\count267
)
\@linkdim=\dimen156
\Hy@linkcounter=\count268
\Hy@pagecounter=\count269

(/usr/share/texmf-dist/tex/latex/hyperref/pd1enc.def
File: pd1enc.def 2024-01-20 v7.01h Hyperref: PDFDocEncoding definition (HO)
Now handling font encoding PD1 ...
... no UTF-8 mapping file for font encoding PD1
)
(/usr/share/texmf-dist/tex/generic/intcalc/intcalc.sty
Package: intcalc 2019/12/15 v1.3 Expandable calculations with integers (HO)
)
\Hy@SavedSpaceFactor=\count270

(/usr/share/texmf-dist/tex/latex/hyperref/puenc.def
File: puenc.def 2024-01-20 v7.01h Hyperref: PDF Unicode definition (HO)
Now handling font encoding PU ...
... no UTF-8 mapping file for font encoding PU
)
Package hyperref Info: Hyper figures OFF on input line 4179.
Package hyperref Info: Link nesting OFF on input line 4184.
Package hyperref Info: Hyper index ON on input line 4187.
Package hyperref Info: Plain pages OFF on input line 4194.
Package hyperref Info: Backreferencing OFF on input line 4199.
Package hyperref Info: Implicit mode ON; LaTeX internals redefined.
Package hyperref Info: Bookmarks ON on input line 4446.
\c@Hy@tempcnt=\count271

(/usr/share/texmf-dist/tex/latex/url/url.sty
\Urlmuskip=\muskip16
Package: url 2013/09/16  ver 3.4  Verb mode for urls, etc.
)
LaTeX Info: Redefining \url on input line 4784.
\XeTeXLinkMargin=\dimen157

(/usr/share/texmf-dist/tex/generic/bitset/bitset.sty
Package: bitset 2019/12/09 v1.3 Handle bit-vector datatype (HO)

(/usr/share/texmf-dist/tex/generic/bigintcalc/bigintcalc.sty
Package: bigintcalc 2019/12/15 v1.5 Expandable calculations on big integers (HO
)
))
\Fld@menulength=\count272
\Field@Width=\dimen158
\Fld@charsize=\dimen159
Package hyperref Info: Hyper figures OFF on input line 6063.
Package hyperref Info: Link nesting OFF on input line 6068.
Package hyperref Info: Hyper index ON on input line 6071.
Package hyperref Info: backreferencing OFF on input line 6078.
Package hyperref Info: Link coloring OFF on input line 6083.
Package hyperref Info: Link coloring with OCG OFF on input line 6088.
Package hyperref Info: PDF/A mode OFF on input line 6093.

(/usr/share/texmf-dist/tex/latex/base/atbegshi-ltx.sty
Package: atbegshi-ltx 2021/01/10 v1.0c Emulation of the original atbegshi
package with kernel methods
)
\Hy@abspage=\count273
\c@Item=\count274
\c@Hfootnote=\count275
)
Package hyperref Info: Driver (autodetected): hpdftex.

(/usr/share/texmf-dist/tex/latex/hyperref/hpdftex.def
File: hpdftex.def 2024-01-20 v7.01h Hyperref driver for pdfTeX

(/usr/share/texmf-dist/tex/latex/base/atveryend-ltx.sty
Package: atveryend-ltx 2020/08/19 v1.0a Emulation of the original atveryend pac
kage
with kernel methods
)
\Fld@listcount=\count276
\c@bookmark@seq@number=\count277

(/usr/share/texmf-dist/tex/latex/rerunfilecheck/rerunfilecheck.sty
Package: rerunfilecheck 2022-07-10 v1.10 Rerun checks for auxiliary files (HO)

(/usr/share/texmf-dist/tex/generic/uniquecounter/uniquecounter.sty
Package: uniquecounter 2019/12/15 v1.4 Provide unlimited unique counter (HO)
)
Package uniquecounter Info: New unique counter `rerunfilecheck' on input line 2
85.
)
\Hy@SectionHShift=\skip75
)
(/usr/share/texmf-dist/tex/latex/amsmath/amsmath.sty
Package: amsmath 2023/05/13 v2.17o AMS math features
\@mathmargin=\skip76

For additional information on amsmath, use the `?' option.
(/usr/share/texmf-dist/tex/latex/amsmath/amstext.sty
Package: amstext 2021/08/26 v2.01 AMS text

(/usr/share/texmf-dist/tex/latex/amsmath/amsgen.sty
File: amsgen.sty 1999/11/30 v2.0 generic functions
\@emptytoks=\toks22
\ex@=\dimen160
))
(/usr/share/texmf-dist/tex/latex/amsmath/amsbsy.sty
Package: amsbsy 1999/11/29 v1.2d Bold Symbols
\pmbraise@=\dimen161
)
(/usr/share/texmf-dist/tex/latex/amsmath/amsopn.sty
Package: amsopn 2022/04/08 v2.04 operator names
)
\inf@bad=\count278
LaTeX Info: Redefining \frac on input line 234.
\uproot@=\count279
\leftroot@=\count280
LaTeX Info: Redefining \overline on input line 399.
LaTeX Info: Redefining \colon on input line 410.
\classnum@=\count281
\DOTSCASE@=\count282
LaTeX Info: Redefining \ldots on input line 496.
LaTeX Info: Redefining \dots on input line 499.
LaTeX Info: Redefining \cdots on input line 620.
\Mathstrutbox@=\box52
\strutbox@=\box53
LaTeX Info: Redefining \big on input line 722.
LaTeX Info: Redefining \Big on input line 723.
LaTeX Info: Redefining \bigg on input line 724.
LaTeX Info: Redefining \Bigg on input line 725.
\big@size=\dimen162
LaTeX Font Info:    Redeclaring font encoding OML on input line 743.
LaTeX Font Info:    Redeclaring font encoding OMS on input line 744.
\macc@depth=\count283
LaTeX Info: Redefining \bmod on input line 905.
LaTeX Info: Redefining \pmod on input line 910.
LaTeX Info: Redefining \smash on input line 940.
LaTeX Info: Redefining \relbar on input line 970.
LaTeX Info: Redefining \Relbar on input line 971.
\c@MaxMatrixCols=\count284
\dotsspace@=\muskip17
\c@parentequation=\count285
\dspbrk@lvl=\count286
\tag@help=\toks23
\row@=\count287
\column@=\count288
\maxfields@=\count289
\andhelp@=\toks24
\eqnshift@=\dimen163
\alignsep@=\dimen164
\tagshift@=\dimen165
\tagwidth@=\dimen166
\totwidth@=\dimen167
\lineht@=\dimen168
\@envbody=\toks25
\multlinegap=\skip77
\multlinetaggap=\skip78
\mathdisplay@stack=\toks26
LaTeX Info: Redefining \[ on input line 2953.
LaTeX Info: Redefining \] on input line 2954.
)
(/usr/share/texmf-dist/tex/latex/tools/longtable.sty
Package: longtable 2023-11-01 v4.19 Multi-page Table package (DPC)
\LTleft=\skip79
\LTright=\skip80
\LTpre=\skip81
\LTpost=\skip82
\LTchunksize=\count290
\LTcapwidth=\dimen169
\LT@head=\box54
\LT@firsthead=\box55
\LT@foot=\box56
\LT@lastfoot=\box57
\LT@gbox=\box58
\LT@cols=\count291
\LT@rows=\count292
\c@LT@tables=\count293
\c@LT@chunks=\count294
\LT@p@ftn=\toks27
)
(/usr/share/texmf-dist/tex/latex/tocloft/tocloft.sty
Package: tocloft 2017/08/31 v2.3i parameterised ToC, etc., typesetting
Package tocloft Info: The document has chapter divisions on input line 51.
\cftparskip=\skip83
\cftbeforetoctitleskip=\skip84
\cftaftertoctitleskip=\skip85
\cftbeforepartskip=\skip86
\cftpartnumwidth=\skip87
\cftpartindent=\skip88
\cftbeforechapskip=\skip89
\cftchapindent=\skip90
\cftchapnumwidth=\skip91
\cftbeforesecskip=\skip92
\cftsecindent=\skip93
\cftsecnumwidth=\skip94
\cftbeforesubsecskip=\skip95
\cftsubsecindent=\skip96
\cftsubsecnumwidth=\skip97
\cftbeforesubsubsecskip=\skip98
\cftsubsubsecindent=\skip99
\cftsubsubsecnumwidth=\skip100
\cftbeforeparaskip=\skip101
\cftparaindent=\skip102
\cftparanumwidth=\skip103
\cftbeforesubparaskip=\skip104
\cftsubparaindent=\skip105
\cftsubparanumwidth=\skip106
\cftbeforeloftitleskip=\skip107
\cftafterloftitleskip=\skip108
\cftbeforefigskip=\skip109
\cftfigindent=\skip110
\cftfignumwidth=\skip111
\c@lofdepth=\count295
\c@lotdepth=\count296
\cftbeforelottitleskip=\skip112
\cftafterlottitleskip=\skip113
\cftbeforetabskip=\skip114
\cfttabindent=\skip115
\cfttabnumwidth=\skip116
))
(/usr/share/texmf-dist/tex/latex/l3backend/l3backend-pdftex.def
File: l3backend-pdftex.def 2024-02-20 L3 backend support: PDF output (pdfTeX)
\l__color_backend_stack_int=\count297
\l__pdf_internal_box=\box59
) (./main.aux)
\openout1 = `main.aux'.

LaTeX Font Info:    Checking defaults for OML/cmm/m/it on input line 4.
LaTeX Font Info:    ... okay on input line 4.
LaTeX Font Info:    Checking defaults for OMS/cmsy/m/n on input line 4.
LaTeX Font Info:    ... okay on input line 4.
LaTeX Font Info:    Checking defaults for OT1/cmr/m/n on input line 4.
LaTeX Font Info:    ... okay on input line 4.
LaTeX Font Info:    Checking defaults for T1/cmr/m/n on input line 4.
LaTeX Font Info:    ... okay on input line 4.
LaTeX Font Info:    Checking defaults for TS1/cmr/m/n on input line 4.
LaTeX Font Info:    ... okay on input line 4.
LaTeX Font Info:    Checking defaults for OMX/cmex/m/n on input line 4.
LaTeX Font Info:    ... okay on input line 4.
LaTeX Font Info:    Checking defaults for U/cmr/m/n on input line 4.
LaTeX Font Info:    ... okay on input line 4.
LaTeX Font Info:    Checking defaults for PD1/pdf/m/n on input line 4.
LaTeX Font Info:    ... okay on input line 4.
LaTeX Font Info:    Checking defaults for PU/pdf/m/n on input line 4.
LaTeX Font Info:    ... okay on input line 4.

(/usr/share/texmf-dist/tex/context/base/mkii/supp-pdf.mkii
[Loading MPS to PDF converter (version 2006.09.02).]
\scratchcounter=\count298
\scratchdimen=\dimen170
\scratchbox=\box60
\nofMPsegments=\count299
\nofMParguments=\count300
\everyMPshowfont=\toks28
\MPscratchCnt=\count301
\MPscratchDim=\dimen171
\MPnumerator=\count302
\makeMPintoPDFobject=\count303
\everyMPtoPDFconversion=\toks29
) (/usr/share/texmf-dist/tex/latex/epstopdf-pkg/epstopdf-base.sty
Package: epstopdf-base 2020-01-24 v2.11 Base part for package epstopdf
Package epstopdf-base Info: Redefining graphics rule for `.eps' on input line 4
85.

(/usr/share/texmf-dist/tex/latex/latexconfig/epstopdf-sys.cfg
File: epstopdf-sys.cfg 2010/07/13 v1.3 Configuration of (r)epstopdf for TeX Liv
e
))
*geometry* driver: auto-detecting
*geometry* detected driver: pdftex
*geometry* verbose mode - [ preamble ] result:
* driver: pdftex
* paper: a4paper
* layout: <same size as paper>
* layoutoffset:(h,v)=(0.0pt,0.0pt)
* modes: 
* h-part:(L,W,R)=(72.26999pt, 452.9679pt, 72.26999pt)
* v-part:(T,H,B)=(72.26999pt, 700.50687pt, 72.26999pt)
* \paperwidth=597.50787pt
* \paperheight=845.04684pt
* \textwidth=452.9679pt
* \textheight=700.50687pt
* \oddsidemargin=0.0pt
* \evensidemargin=0.0pt
* \topmargin=-37.0pt
* \headheight=12.0pt
* \headsep=25.0pt
* \topskip=12.0pt
* \footskip=30.0pt
* \marginparwidth=35.0pt
* \marginparsep=10.0pt
* \columnsep=10.0pt
* \skip\footins=10.8pt plus 4.0pt minus 2.0pt
* \hoffset=0.0pt
* \voffset=0.0pt
* \mag=1000
* \@twocolumnfalse
* \@twosidefalse
* \@mparswitchfalse
* \@reversemarginfalse
* (1in=72.27pt=25.4mm, 1cm=28.453pt)

Package hyperref Info: Link coloring OFF on input line 4.
(./main.out) (./main.out)
\@outlinefile=\write3
\openout3 = `main.out'.

 (./frontmatter/title.tex
<assets/logo.png, id=144, 513.92pt x 513.92pt>
File: assets/logo.png Graphic file (type png)
<use assets/logo.png>
Package pdftex.def Info: assets/logo.png  used on input line 24.
(pdftex.def)             Requested size: 90.5922pt x 90.58821pt.
 [1

{/var/lib/texmf/fonts/map/pdftex/updmap/pdftex.map}{/usr/share/texmf-dist/fonts
/enc/dvips/cm-super/cm-super-t1.enc} <./assets/logo.png>]) (./frontmatter/appro
val.tex
File: assets/logo.png Graphic file (type png)
<use assets/logo.png>
Package pdftex.def Info: assets/logo.png  used on input line 6.
(pdftex.def)             Requested size: 90.5922pt x 90.58821pt.
)
(./frontmatter/contents.tex
pdfTeX warning (ext4): destination with the same identifier (name{page.1}) has 
been already used, duplicate ignored
<to be read again> 
                   \relax 
l.1 \newpage
             [1]) (./chapters/acknowledgment.tex [2]) (./chapters/abstract.tex
[1

]
Overfull \hbox (5.9881pt too wide) in paragraph at lines 4--5
[]\T1/cmr/m/n/12 The Au-to-mo-tive Di-ag-nos-tic and Ac-tiv-ity Mon-i-tor-ing (
ADAM) Sys-tem is a ground-breaking
 []

) (./frontmatter/figures.tex [2

]) (./frontmatter/tables.tex

Package fancyhdr Warning: \headheight is too small (12.0pt): 
(fancyhdr)                Make it at least 14.49998pt, for example:
(fancyhdr)                \setlength{\headheight}{14.49998pt}.
(fancyhdr)                You might also make \topmargin smaller to compensate:

(fancyhdr)                \addtolength{\topmargin}{-2.49998pt}.

[3]) (./frontmatter/abbreviations.tex

Package fancyhdr Warning: \headheight is too small (12.0pt): 
(fancyhdr)                Make it at least 14.49998pt, for example:
(fancyhdr)                \setlength{\headheight}{14.49998pt}.
(fancyhdr)                You might also make \topmargin smaller to compensate:

(fancyhdr)                \addtolength{\topmargin}{-2.49998pt}.

[4]) (./chapters/introduction.tex

Package fancyhdr Warning: \headheight is too small (12.0pt): 
(fancyhdr)                Make it at least 14.49998pt, for example:
(fancyhdr)                \setlength{\headheight}{14.49998pt}.
(fancyhdr)                You might also make \topmargin smaller to compensate:

(fancyhdr)                \addtolength{\topmargin}{-2.49998pt}.

[5]
Chapter 1.

pdfTeX warning (ext4): destination with the same identifier (name{page.1}) has 
been already used, duplicate ignored
<to be read again> 
                   \relax 
l.31 
      [1

]

Package fancyhdr Warning: \headheight is too small (12.0pt): 
(fancyhdr)                Make it at least 14.49998pt, for example:
(fancyhdr)                \setlength{\headheight}{14.49998pt}.
(fancyhdr)                You might also make \topmargin smaller to compensate:

(fancyhdr)                \addtolength{\topmargin}{-2.49998pt}.


pdfTeX warning (ext4): destination with the same identifier (name{page.2}) has 
been already used, duplicate ignored
<to be read again> 
                   \relax 
l.48 
      [2]
Overfull \hbox (2.63109pt too wide) in paragraph at lines 60--60
[]|\T1/cmr/bx/n/10.95 EXPERIMENT/ 
 []


Underfull \hbox (badness 10000) in paragraph at lines 60--61
[]|\T1/cmr/bx/n/10.95 FUTURE
 []


Overfull \hbox (34.4115pt too wide) in alignment at lines 57--62
 [] [] [] [] 
 []


Overfull \hbox (34.4115pt too wide) in alignment at lines 62--64
 [] [] [] [] 
 []


Overfull \hbox (34.4115pt too wide) in alignment at lines 64--67
 [] [] [] [] 
 []


Overfull \hbox (34.4115pt too wide) in alignment at lines 67--70
 [] [] [] [] 
 []


Underfull \hbox (badness 1454) in paragraph at lines 72--76
[]|\T1/cmr/m/n/12 The De-sign
 []


Underfull \hbox (badness 5893) in paragraph at lines 72--76
\T1/cmr/m/n/12 and Im-ple-
 []


Underfull \hbox (badness 10000) in paragraph at lines 72--76
\T1/cmr/m/n/12 men-ta-tion
 []


Underfull \hbox (badness 5504) in paragraph at lines 72--76
\T1/cmr/m/n/12 hi-cle Black
 []


Underfull \hbox (badness 10000) in paragraph at lines 72--76
\T1/cmr/m/n/12 Box Us-ing
 []


Underfull \hbox (badness 10000) in paragraph at lines 72--76
\T1/cmr/m/n/12 The OBD
 []


Underfull \hbox (badness 10000) in paragraph at lines 72--76

 []


Underfull \hbox (badness 10000) in paragraph at lines 72--76
\T1/cmr/m/n/10.95 Duy Le
 []


Underfull \hbox (badness 10000) in paragraph at lines 72--76
\T1/cmr/m/n/10.95 Nguyen,
 []


Underfull \hbox (badness 10000) in paragraph at lines 72--76
\T1/cmr/m/n/10.95 Myung-Eui
 []


Underfull \hbox (badness 7907) in paragraph at lines 72--76
\T1/cmr/m/n/10.95 Lee, Artem
 []


Underfull \hbox (badness 10000) in paragraph at lines 72--76

 []


Underfull \hbox (badness 10000) in paragraph at lines 72--76
\T1/cmr/m/n/10.95 (IEEE
 []


Underfull \hbox (badness 1418) in paragraph at lines 77--81
\T1/cmr/m/n/10.95 driven recorder that com-mu-ni-cates with a
 []


Underfull \hbox (badness 1237) in paragraph at lines 77--81
\T1/cmr/m/n/10.95 the OBD-II port, a cam-era, GPS, and a
 []


Underfull \hbox (badness 10000) in paragraph at lines 77--81

 []


Underfull \hbox (badness 1057) in paragraph at lines 77--81
\T1/cmr/m/n/10.95 This data is logged in real-time to a Se-
 []


Underfull \hbox (badness 1163) in paragraph at lines 77--81
\T1/cmr/m/n/10.95 mil-lisec-onds. The record-ing pro-cess stops
 []


Underfull \hbox (badness 10000) in paragraph at lines 77--81

 []


Underfull \hbox (badness 1424) in paragraph at lines 77--81
\T1/cmr/m/n/12 for de-bug-ging and anal-y-sis of recorded
 []


Underfull \hbox (badness 1371) in paragraph at lines 77--81
\T1/cmr/m/n/12 data. It also comes with smart-phone
 []


Underfull \hbox (badness 10000) in paragraph at lines 82--84
[]|\T1/cmr/m/n/12 Accident In-ves-
 []


Underfull \hbox (badness 2393) in paragraph at lines 82--84
\T1/cmr/m/n/12 ti-ga-tion, Ve-hi-cle
 []


Underfull \hbox (badness 10000) in paragraph at lines 82--84
\T1/cmr/m/n/12 Per-for-mance,
 []


Underfull \hbox (badness 10000) in paragraph at lines 82--84
\T1/cmr/m/n/12 Driver Be-hav-ior
 []


Underfull \hbox (badness 10000) in paragraph at lines 85--86
\T1/cmr/m/n/12 ing and
 []


Underfull \hbox (badness 10000) in paragraph at lines 85--86
\T1/cmr/m/n/12 ob-sta-cle
 []


Underfull \hbox (badness 10000) in paragraph at lines 85--86
\T1/cmr/m/n/12 de-tec-tion
 []


Underfull \hbox (badness 3000) in paragraph at lines 91--95
[]|\T1/cmr/m/n/12 Design and
 []


Underfull \hbox (badness 10000) in paragraph at lines 91--95
\T1/cmr/m/n/12 De-vel-op-
 []


Underfull \hbox (badness 10000) in paragraph at lines 91--95
\T1/cmr/m/n/12 ment of
 []


Underfull \hbox (badness 10000) in paragraph at lines 91--95
\T1/cmr/m/n/12 On-Board
 []


Underfull \hbox (badness 10000) in paragraph at lines 91--95
\T1/cmr/m/n/12 Di-ag-nos-
 []


Underfull \hbox (badness 10000) in paragraph at lines 91--95
\T1/cmr/m/n/12 tic (OBD)
 []


Underfull \hbox (badness 10000) in paragraph at lines 91--95
\T1/cmr/m/n/12 De-vice for
 []


Underfull \hbox (badness 10000) in paragraph at lines 91--95

 []


Underfull \hbox (badness 10000) in paragraph at lines 91--95
\T1/cmr/m/n/12 Pooja
 []


Underfull \hbox (badness 10000) in paragraph at lines 91--95
\T1/cmr/m/n/12 Ra-jen-dra
 []


Underfull \hbox (badness 10000) in paragraph at lines 91--95
\T1/cmr/m/n/12 Sawant,
 []


Underfull \hbox (badness 10000) in paragraph at lines 91--95

 []


Underfull \hbox (badness 10000) in paragraph at lines 91--95
\T1/cmr/m/n/12 (IEEE
 []


Underfull \hbox (badness 2990) in paragraph at lines 96--100
\T1/cmr/m/n/12 and de-vel-op-ment of an On-Board Di-
 []


Underfull \hbox (badness 1205) in paragraph at lines 96--100
\T1/cmr/m/n/12 ag-nos-tic (OBD) sys-tem for cars, based
 []


Underfull \hbox (badness 2478) in paragraph at lines 96--100
\T1/cmr/m/n/12 pro-vides real-time in-for-ma-tion about a
 []


Underfull \hbox (badness 2134) in paragraph at lines 96--100
\T1/cmr/m/n/12 ve-hi-cle, such as en-gine speed, coolant
 []


Underfull \hbox (badness 5331) in paragraph at lines 96--100
\T1/cmr/m/n/12 tem-per-a-ture, pres-sure, and Di-ag-nos-tic
 []


Underfull \hbox (badness 10000) in paragraph at lines 96--100

 []


Underfull \hbox (badness 10000) in paragraph at lines 96--100

 []


Underfull \hbox (badness 5548) in paragraph at lines 96--100
\T1/cmr/m/n/12 The de-vice, ac-cord-ing to the pa-per,
 []


Underfull \hbox (badness 1009) in paragraph at lines 96--100
\T1/cmr/m/n/12 automotive-grade con-troller, to in-ter-pret
 []


Underfull \hbox (badness 10000) in paragraph at lines 101--101
\T1/cmr/m/n/12 OBD con-nec-tor
 []


Underfull \hbox (badness 10000) in paragraph at lines 101--101
\T1/cmr/m/n/12 and PC us-ing
 []


Underfull \hbox (badness 2856) in paragraph at lines 101--101
\T1/cmr/m/n/12 Blue-tooth, user-
 []


Underfull \hbox (badness 10000) in paragraph at lines 102--103
[]|\T1/cmr/m/n/12 Adding
 []


Underfull \hbox (badness 10000) in paragraph at lines 102--103
\T1/cmr/m/n/12 more di-
 []


Underfull \hbox (badness 10000) in paragraph at lines 102--103
\T1/cmr/m/n/12 ag-nos-tic
 []


Underfull \hbox (badness 10000) in paragraph at lines 102--103
\T1/cmr/m/n/12 data into
 []


Underfull \hbox (badness 10000) in paragraph at lines 102--103
\T1/cmr/m/n/12 the de-vice
 []


Underfull \hbox (badness 3000) in paragraph at lines 107--111
[]|\T1/cmr/m/n/12 Design and
 []


Underfull \hbox (badness 10000) in paragraph at lines 107--111
\T1/cmr/m/n/12 Im-ple-men-
 []


Underfull \hbox (badness 10000) in paragraph at lines 107--111
\T1/cmr/m/n/12 ta-tion of
 []


Underfull \hbox (badness 10000) in paragraph at lines 107--111
\T1/cmr/m/n/12 a Wire-less
 []


Underfull \hbox (badness 10000) in paragraph at lines 107--111
\T1/cmr/m/n/12 OBD II
 []


Underfull \hbox (badness 3623) in paragraph at lines 107--111
\T1/cmr/m/n/12 Fleet Man-
 []


Underfull \hbox (badness 10000) in paragraph at lines 107--111
\T1/cmr/m/n/12 age-ment
 []


Underfull \hbox (badness 10000) in paragraph at lines 107--111

 []


Underfull \hbox (badness 10000) in paragraph at lines 107--111
\T1/cmr/m/n/12 Reza
 []


Underfull \hbox (badness 10000) in paragraph at lines 107--111
\T1/cmr/m/n/12 Malekian,
 []


Underfull \hbox (badness 10000) in paragraph at lines 107--111
\T1/cmr/m/n/12 Nte-feng
 []


Underfull \hbox (badness 10000) in paragraph at lines 107--111
\T1/cmr/m/n/12 Ruth
 []


Underfull \hbox (badness 10000) in paragraph at lines 107--111
\T1/cmr/m/n/12 Moloisane,
 []


Underfull \hbox (badness 10000) in paragraph at lines 107--111
\T1/cmr/m/n/12 Lak-shmi
 []


Underfull \hbox (badness 10000) in paragraph at lines 107--111
\T1/cmr/m/n/12 Nair,
 []


Underfull \hbox (badness 10000) in paragraph at lines 107--111
\T1/cmr/m/n/12 BT(Sunil)
 []


Underfull \hbox (badness 10000) in paragraph at lines 107--111
\T1/cmr/m/n/12 Ma-haraj,
 []


Underfull \hbox (badness 10000) in paragraph at lines 107--111
\T1/cmr/m/n/12 Uche A.K.
 []


Underfull \hbox (badness 10000) in paragraph at lines 107--111
\T1/cmr/m/n/12 Chude-
 []


Underfull \hbox (badness 10000) in paragraph at lines 107--111

 []


Underfull \hbox (badness 10000) in paragraph at lines 107--111
\T1/cmr/m/n/12 (IEEE
 []


Underfull \hbox (badness 3375) in paragraph at lines 112--116
\T1/cmr/m/n/12 pro-to-cols and com-mu-ni-cates us-ing AT
 []


Underfull \hbox (badness 10000) in paragraph at lines 112--116

 []


Underfull \hbox (badness 10000) in paragraph at lines 112--116

 []


Underfull \hbox (badness 5548) in paragraph at lines 112--116
\T1/cmr/m/n/12 mote server via a Caram-bola2 WiFi
 []


Underfull \hbox (badness 1082) in paragraph at lines 112--116
\T1/cmr/m/n/12 mod-ule, where it is stored in an SQL
 []


Underfull \hbox (badness 10000) in paragraph at lines 117--117
\T1/cmr/m/n/12 to ac-cu-rately
 []


Underfull \hbox (badness 10000) in paragraph at lines 117--117
\T1/cmr/m/n/12 mea-sure speed,
 []


Underfull \hbox (badness 10000) in paragraph at lines 117--117
\T1/cmr/m/n/12 ap-prox-i-mately
 []


Underfull \hbox (badness 10000) in paragraph at lines 117--117
\T1/cmr/m/n/12 5% er-ror over
 []


Underfull \hbox (badness 6978) in paragraph at lines 117--117
\T1/cmr/m/n/12 short and long
 []


Underfull \hbox (badness 10000) in paragraph at lines 118--119
[]|\T1/cmr/m/n/12 Proposed
 []


Underfull \hbox (badness 3118) in paragraph at lines 118--119
\T1/cmr/m/n/12 us-ing GSM
 []


Underfull \hbox (badness 10000) in paragraph at lines 118--119
\T1/cmr/m/n/12 in-stead of
 []


Underfull \hbox (badness 10000) in paragraph at lines 118--119
\T1/cmr/m/n/12 WiFi for
 []


Underfull \hbox (badness 10000) in paragraph at lines 118--119
\T1/cmr/m/n/12 adding a
 []


Underfull \hbox (badness 10000) in paragraph at lines 118--119
\T1/cmr/m/n/12 backup
 []


Underfull \hbox (badness 10000) in paragraph at lines 118--119
\T1/cmr/m/n/12 bat-tery to
 []


Underfull \hbox (badness 10000) in paragraph at lines 118--119
\T1/cmr/m/n/12 main-tain
 []


Underfull \hbox (badness 10000) in paragraph at lines 118--119
\T1/cmr/m/n/12 wire-less
 []


Underfull \hbox (badness 10000) in paragraph at lines 118--119
\T1/cmr/m/n/12 com-mu-ni-ca-
 []


Underfull \hbox (badness 10000) in paragraph at lines 118--119
\T1/cmr/m/n/12 tion when
 []


Underfull \hbox (badness 10000) in paragraph at lines 118--119
\T1/cmr/m/n/12 the ve-hi-cle
 []


Underfull \hbox (badness 2435) in paragraph at lines 118--119
\T1/cmr/m/n/12 is off, and
 []


Underfull \hbox (badness 10000) in paragraph at lines 118--119
\T1/cmr/m/n/12 im-prov-ing
 []


Underfull \hbox (badness 10000) in paragraph at lines 118--119
\T1/cmr/m/n/12 ini-tial-iza-
 []


Underfull \hbox (badness 10000) in paragraph at lines 124--128
[]|\T1/cmr/m/n/12 Machine
 []


Underfull \hbox (badness 10000) in paragraph at lines 124--128
\T1/cmr/m/n/12 Learn-ing
 []


Underfull \hbox (badness 10000) in paragraph at lines 124--128
\T1/cmr/m/n/12 Based Au-
 []


Underfull \hbox (badness 10000) in paragraph at lines 124--128
\T1/cmr/m/n/12 to-matic
 []


Underfull \hbox (badness 10000) in paragraph at lines 124--128
\T1/cmr/m/n/12 Di-ag-no-sis
 []


Underfull \hbox (badness 10000) in paragraph at lines 124--128
\T1/cmr/m/n/12 in Mo-bile
 []


Underfull \hbox (badness 10000) in paragraph at lines 124--128
\T1/cmr/m/n/12 Com-mu-
 []


Underfull \hbox (badness 10000) in paragraph at lines 124--128
\T1/cmr/m/n/12 ni-ca-tion
 []


Underfull \hbox (badness 10000) in paragraph at lines 124--128

 []


Underfull \hbox (badness 10000) in paragraph at lines 124--128
\T1/cmr/m/n/12 Kuo-Ming
 []


Underfull \hbox (badness 10000) in paragraph at lines 124--128
\T1/cmr/m/n/12 Chen,
 []


Underfull \hbox (badness 10000) in paragraph at lines 124--128
\T1/cmr/m/n/12 Tsung-Hui
 []


Underfull \hbox (badness 10000) in paragraph at lines 124--128
\T1/cmr/m/n/12 Chang,
 []


Underfull \hbox (badness 10000) in paragraph at lines 124--128
\T1/cmr/m/n/12 Kai-Cheng
 []


Underfull \hbox (badness 5985) in paragraph at lines 124--128
\T1/cmr/m/n/12 Wang, Ta-
 []


Underfull \hbox (badness 10000) in paragraph at lines 124--128

 []


Underfull \hbox (badness 10000) in paragraph at lines 124--128
\T1/cmr/m/n/12 (IEEE
 []


Underfull \hbox (badness 2351) in paragraph at lines 129--133
\T1/cmr/m/n/12 mo-bile com-mu-ni-ca-tion net-works. The
 []


Underfull \hbox (badness 1824) in paragraph at lines 129--133
\T1/cmr/m/n/12 for ex-pen-sive hard-ware by mak-ing the
 []


Underfull \hbox (badness 10000) in paragraph at lines 129--133

 []


Underfull \hbox (badness 10000) in paragraph at lines 129--133
\T1/cmr/m/n/12 mance man-age-ment coun-ters (PMCs)
 []


Underfull \hbox (badness 10000) in paragraph at lines 129--133

 []


Underfull \hbox (badness 10000) in paragraph at lines 129--133
\T1/cmr/m/n/12 This dual ca-pa-bil-ity ad-dresses both
 []


Underfull \hbox (badness 2573) in paragraph at lines 129--133
\T1/cmr/m/n/12 the sys-tem ro-bust enough for mod-ern
 []


Underfull \hbox (badness 6236) in paragraph at lines 134--134
\T1/cmr/m/n/12 cu-racy in both
 []


Underfull \hbox (badness 10000) in paragraph at lines 135--136
[]|\T1/cmr/m/n/12 Explore
 []


Underfull \hbox (badness 3343) in paragraph at lines 135--136
\T1/cmr/m/n/12 other mod-
 []


Underfull \hbox (badness 10000) in paragraph at lines 135--136
\T1/cmr/m/n/12 els and
 []


Underfull \hbox (badness 10000) in paragraph at lines 135--136
\T1/cmr/m/n/12 en-hance
 []


Underfull \hbox (badness 10000) in paragraph at lines 135--136
\T1/cmr/m/n/12 multi-fault
 []


Underfull \hbox (badness 10000) in paragraph at lines 141--145
[]|\T1/cmr/m/n/12 Vehicular
 []


Underfull \hbox (badness 10000) in paragraph at lines 141--145
\T1/cmr/m/n/12 Mo-bile
 []


Underfull \hbox (badness 10000) in paragraph at lines 141--145

 []


Underfull \hbox (badness 10000) in paragraph at lines 141--145
\T1/cmr/m/n/12 Authors
 []


Underfull \hbox (badness 10000) in paragraph at lines 141--145
\T1/cmr/m/n/12 [Not pro-
 []


Underfull \hbox (badness 10000) in paragraph at lines 141--145
\T1/cmr/m/n/12 vided in
 []


Underfull \hbox (badness 10000) in paragraph at lines 141--145

 []


Underfull \hbox (badness 10000) in paragraph at lines 141--145
\T1/cmr/m/n/12 (IEEE
 []


Underfull \hbox (badness 10000) in paragraph at lines 146--146
[]|\T1/cmr/m/n/12 Wi-Fi-enabled ve-hi-cles en-ables m-
 []


Underfull \hbox (badness 2334) in paragraph at lines 146--146
\T1/cmr/m/n/12 and di-ag-nos-tics. Sig-nif-i-cant tech-ni-cal,
 []


Underfull \hbox (badness 10000) in paragraph at lines 147--147
[]|\T1/cmr/m/n/12 Highlights real-
 []


Underfull \hbox (badness 10000) in paragraph at lines 147--147
\T1/cmr/m/n/12 such as Ford's
 []


Underfull \hbox (badness 4024) in paragraph at lines 147--147
\T1/cmr/m/n/12 Lin-coln and an
 []


Underfull \hbox (badness 10000) in paragraph at lines 147--147
\T1/cmr/m/n/12 At-lanta traf-fic
 []


Underfull \hbox (badness 10000) in paragraph at lines 147--147
\T1/cmr/m/n/12 data project.
 []


Underfull \hbox (badness 10000) in paragraph at lines 147--147
\T1/cmr/m/n/12 These il-lus-trate
 []


Underfull \hbox (badness 10000) in paragraph at lines 147--147
\T1/cmr/m/n/12 po-ten-tial but
 []


Underfull \hbox (badness 10000) in paragraph at lines 147--147
\T1/cmr/m/n/12 un-der-score con-
 []


Underfull \hbox (badness 10000) in paragraph at lines 147--147
\T1/cmr/m/n/12 nec-tiv-ity and
 []


Underfull \hbox (badness 10000) in paragraph at lines 148--149
[]|\T1/cmr/m/n/12 Calls for
 []


Underfull \hbox (badness 10000) in paragraph at lines 148--149
\T1/cmr/m/n/12 so-lu-tions
 []


Underfull \hbox (badness 7522) in paragraph at lines 148--149
\T1/cmr/m/n/12 to im-prove
 []


Underfull \hbox (badness 1303) in paragraph at lines 148--149
\T1/cmr/m/n/12 sta-ble com-
 []


Underfull \hbox (badness 10000) in paragraph at lines 148--149
\T1/cmr/m/n/12 put-ing
 []


Underfull \hbox (badness 10000) in paragraph at lines 148--149
\T1/cmr/m/n/12 tech in
 []


Underfull \hbox (badness 10000) in paragraph at lines 148--149
\T1/cmr/m/n/12 high-speed
 []


Underfull \hbox (badness 10000) in paragraph at lines 148--149
\T1/cmr/m/n/12 con-nec-tiv-
 []


Underfull \hbox (badness 10000) in paragraph at lines 148--149
\T1/cmr/m/n/12 pri-vacy,
 []


Underfull \hbox (badness 10000) in paragraph at lines 148--149
\T1/cmr/m/n/12 and cost
 []


Underfull \hbox (badness 10000) in paragraph at lines 148--149
\T1/cmr/m/n/12 ef-fi-ciency
 []


Underfull \hbox (badness 10000) in paragraph at lines 148--149
\T1/cmr/m/n/12 to make
 []


Underfull \hbox (badness 10000) in paragraph at lines 148--149
\T1/cmr/m/n/12 commerce
 []


Underfull \hbox (badness 10000) in paragraph at lines 148--149
\T1/cmr/m/n/12 prac-ti-cal
 []


Underfull \hbox (badness 10000) in paragraph at lines 152--156
[]|\T1/cmr/m/n/12 Automotive
 []


Underfull \hbox (badness 10000) in paragraph at lines 152--156
\T1/cmr/m/n/12 Internal-
 []


Overfull \hbox (2.23816pt too wide) in paragraph at lines 152--156
\T1/cmr/m/n/12 Combustion-
 []


Underfull \hbox (badness 10000) in paragraph at lines 152--156
\T1/cmr/m/n/12 Engine
 []


Underfull \hbox (badness 10000) in paragraph at lines 152--156
\T1/cmr/m/n/12 Fault De-
 []


Underfull \hbox (badness 2012) in paragraph at lines 152--156
\T1/cmr/m/n/12 tec-tion and
 []


Underfull \hbox (badness 10000) in paragraph at lines 152--156
\T1/cmr/m/n/12 Clas-si-fi-ca-
 []


Underfull \hbox (badness 10000) in paragraph at lines 152--156
\T1/cmr/m/n/12 tion Us-ing
 []


Underfull \hbox (badness 10000) in paragraph at lines 152--156
\T1/cmr/m/n/12 Ar-ti-fi-cial
 []


Underfull \hbox (badness 10000) in paragraph at lines 152--156
\T1/cmr/m/n/12 Neu-ral
 []


Underfull \hbox (badness 10000) in paragraph at lines 152--156
\T1/cmr/m/n/12 Net-work
 []


Underfull \hbox (badness 10000) in paragraph at lines 152--156

 []


Underfull \hbox (badness 10000) in paragraph at lines 152--156
\T1/cmr/m/n/12 Ryan
 []


Underfull \hbox (badness 10000) in paragraph at lines 152--156
\T1/cmr/m/n/12 Ahmed,
 []


Underfull \hbox (badness 10000) in paragraph at lines 152--156
\T1/cmr/m/n/12 Mo-hammed
 []


Underfull \hbox (badness 10000) in paragraph at lines 152--156
\T1/cmr/m/n/12 El Sayed,
 []


Underfull \hbox (badness 10000) in paragraph at lines 152--156
\T1/cmr/m/n/12 S. An-drew
 []


Underfull \hbox (badness 10000) in paragraph at lines 152--156
\T1/cmr/m/n/12 Gads-den,
 []


Underfull \hbox (badness 10000) in paragraph at lines 152--156
\T1/cmr/m/n/12 Saeid
 []


Underfull \hbox (badness 10000) in paragraph at lines 152--156

 []


Underfull \hbox (badness 10000) in paragraph at lines 152--156
\T1/cmr/m/n/12 (IEEE
 []


Underfull \hbox (badness 10000) in paragraph at lines 157--159

 []


Underfull \hbox (badness 4403) in paragraph at lines 157--159
\T1/cmr/m/n/12 Train-ing al-go-rithms used here in-clude
 []


Underfull \hbox (badness 10000) in paragraph at lines 157--159
\T1/cmr/m/n/12 back-prop-a-ga-tion, Levenberg-Marquardt,
 []


Underfull \hbox (badness 4819) in paragraph at lines 157--159
\T1/cmr/m/n/12 quasi-Newton, ex-tended Kalman fil-ter,
 []


Underfull \hbox (badness 1152) in paragraph at lines 157--159
\T1/cmr/m/n/12 and the newest vari-able struc-ture fil-ter
 []


Underfull \hbox (badness 1642) in paragraph at lines 157--159
\T1/cmr/m/n/12 fil-ter. The vari-able struc-ture fil-ter is
 []


Underfull \hbox (badness 1067) in paragraph at lines 157--159
\T1/cmr/m/n/12 no-table be-cause of sta-bil-ity, ro-bust-ness,
 []


Underfull \hbox (badness 10000) in paragraph at lines 160--160
[]|\T1/cmr/m/n/12 SVSF-ANN
 []


Underfull \hbox (badness 10000) in paragraph at lines 160--160
\T1/cmr/m/n/12 shows high
 []


Underfull \hbox (badness 10000) in paragraph at lines 161--162
[]|\T1/cmr/m/n/12 Expand to
 []


Underfull \hbox (badness 10000) in paragraph at lines 161--162
\T1/cmr/m/n/12 real-time
 []


Underfull \hbox (badness 10000) in paragraph at lines 161--162
\T1/cmr/m/n/12 ap-pli-ca-tions
 []


Underfull \hbox (badness 10000) in paragraph at lines 161--162
\T1/cmr/m/n/12 and add
 []


Underfull \hbox (badness 10000) in paragraph at lines 166--166
[]|\T1/cmr/m/n/12 Automotive
 []


Underfull \hbox (badness 10000) in paragraph at lines 166--166
\T1/cmr/m/n/12 Internal-
 []


Overfull \hbox (2.23816pt too wide) in paragraph at lines 166--166
\T1/cmr/m/n/12 Combustion-
 []


Underfull \hbox (badness 10000) in paragraph at lines 166--166
\T1/cmr/m/n/12 Engine
 []


Underfull \hbox (badness 10000) in paragraph at lines 166--166
\T1/cmr/m/n/12 Fault De-
 []


Underfull \hbox (badness 2012) in paragraph at lines 166--166
\T1/cmr/m/n/12 tec-tion and
 []


Underfull \hbox (badness 10000) in paragraph at lines 166--166
\T1/cmr/m/n/12 Clas-si-fi-ca-
 []


Underfull \hbox (badness 10000) in paragraph at lines 166--166
\T1/cmr/m/n/12 tion Us-ing
 []


Underfull \hbox (badness 10000) in paragraph at lines 166--166
\T1/cmr/m/n/12 Ar-ti-fi-cial
 []


Underfull \hbox (badness 10000) in paragraph at lines 166--166
\T1/cmr/m/n/12 Neu-ral
 []


Underfull \hbox (badness 10000) in paragraph at lines 166--166
\T1/cmr/m/n/12 Net-work
 []


Underfull \hbox (badness 10000) in paragraph at lines 168--168
[]|\T1/cmr/m/n/12 SVSF-ANN
 []


Underfull \hbox (badness 10000) in paragraph at lines 168--168
\T1/cmr/m/n/12 shows high
 []


Underfull \hbox (badness 10000) in paragraph at lines 169--170
[]|\T1/cmr/m/n/12 Expand to
 []


Underfull \hbox (badness 10000) in paragraph at lines 169--170
\T1/cmr/m/n/12 real-time
 []


Underfull \hbox (badness 10000) in paragraph at lines 169--170
\T1/cmr/m/n/12 ap-pli-ca-tions
 []


Underfull \hbox (badness 10000) in paragraph at lines 169--170
\T1/cmr/m/n/12 and add
 []


Underfull \hbox (badness 10000) in paragraph at lines 173--177
\T1/cmr/m/n/12 ing Model
 []


Underfull \hbox (badness 2134) in paragraph at lines 173--177
\T1/cmr/m/n/12 Based CO2
 []


Underfull \hbox (badness 10000) in paragraph at lines 173--177
\T1/cmr/m/n/12 Emis-sions
 []


Underfull \hbox (badness 10000) in paragraph at lines 173--177
\T1/cmr/m/n/12 Pre-dic-
 []


Underfull \hbox (badness 10000) in paragraph at lines 173--177
\T1/cmr/m/n/12 tion Us-ing
 []


Underfull \hbox (badness 10000) in paragraph at lines 173--177
\T1/cmr/m/n/12 Ve-hi-cle
 []


Underfull \hbox (badness 10000) in paragraph at lines 173--177
\T1/cmr/m/n/12 Telem-at-ics
 []


Underfull \hbox (badness 10000) in paragraph at lines 173--177
\T1/cmr/m/n/12 Sen-sors
 []


Underfull \hbox (badness 10000) in paragraph at lines 173--177

 []


Underfull \hbox (badness 10000) in paragraph at lines 173--177
\T1/cmr/m/n/12 Authors
 []


Underfull \hbox (badness 10000) in paragraph at lines 173--177
\T1/cmr/m/n/12 [Not pro-
 []


Underfull \hbox (badness 10000) in paragraph at lines 173--177
\T1/cmr/m/n/12 vided in
 []


Underfull \hbox (badness 10000) in paragraph at lines 173--177

 []


Underfull \hbox (badness 10000) in paragraph at lines 173--177
\T1/cmr/m/n/12 (IEEE
 []


Underfull \hbox (badness 10000) in paragraph at lines 179--179
[]|\T1/cmr/m/n/12 Outperforms
 []


Underfull \hbox (badness 10000) in paragraph at lines 179--179
\T1/cmr/m/n/12 han-dling noisy
 []


Underfull \hbox (badness 4792) in paragraph at lines 179--179
\T1/cmr/m/n/12 data and time-
 []


Underfull \hbox (badness 5787) in paragraph at lines 179--179
\T1/cmr/m/n/12 series pre-dic-tion
 []


Underfull \hbox (badness 2253) in paragraph at lines 180--181
[]|\T1/cmr/m/n/12 Use di-verse
 []


Underfull \hbox (badness 10000) in paragraph at lines 180--181
\T1/cmr/m/n/12 datasets
 []


Underfull \hbox (badness 3343) in paragraph at lines 180--181
\T1/cmr/m/n/12 for broader
 []


Underfull \hbox (badness 10000) in paragraph at lines 180--181
\T1/cmr/m/n/12 de-ploy-ment
 []


Underfull \hbox (badness 10000) in paragraph at lines 180--181
\T1/cmr/m/n/12 mon-i-tor-ing
 []


Underfull \hbox (badness 10000) in paragraph at lines 184--188
[]|\T1/cmr/m/n/12 OBD Se-
 []


Underfull \hbox (badness 10000) in paragraph at lines 184--188
\T1/cmr/m/n/12 cureAl-
 []


Underfull \hbox (badness 10000) in paragraph at lines 184--188
\T1/cmr/m/n/12 ert: An
 []


Underfull \hbox (badness 10000) in paragraph at lines 184--188
\T1/cmr/m/n/12 Anomaly
 []


Underfull \hbox (badness 10000) in paragraph at lines 184--188
\T1/cmr/m/n/12 De-tec-tion
 []


Underfull \hbox (badness 10000) in paragraph at lines 184--188
\T1/cmr/m/n/12 Sys-tem for
 []


Underfull \hbox (badness 10000) in paragraph at lines 184--188

 []


Underfull \hbox (badness 10000) in paragraph at lines 184--188
\T1/cmr/m/n/12 Sandeep
 []


Underfull \hbox (badness 10000) in paragraph at lines 184--188
\T1/cmr/m/n/12 Nair
 []


Underfull \hbox (badness 10000) in paragraph at lines 184--188
\T1/cmr/m/n/12 Narayanan,
 []


Underfull \hbox (badness 10000) in paragraph at lines 184--188
\T1/cmr/m/n/12 Sudip
 []


Underfull \hbox (badness 10000) in paragraph at lines 184--188
\T1/cmr/m/n/12 Mit-tal,
 []


Underfull \hbox (badness 10000) in paragraph at lines 184--188
\T1/cmr/m/n/12 Anu-pam
 []


Underfull \hbox (badness 10000) in paragraph at lines 184--188

 []


Underfull \hbox (badness 10000) in paragraph at lines 184--188
\T1/cmr/m/n/12 (IEEE
 []


Underfull \hbox (badness 10000) in paragraph at lines 189--191

 []


Underfull \hbox (badness 10000) in paragraph at lines 189--191
\T1/cmr/m/n/12 OBD-SecureAlert elim-i-nates this vul-
 []


Underfull \hbox (badness 1484) in paragraph at lines 189--191
\T1/cmr/m/n/12 data us-ing a slid-ing win-dow and flags
 []


Underfull \hbox (badness 10000) in paragraph at lines 192--192
\T1/cmr/m/n/12 Hid-den Markov
 []


Underfull \hbox (badness 1694) in paragraph at lines 192--192
\T1/cmr/m/n/12 de-tect anoma-lies
 []


Underfull \hbox (badness 3547) in paragraph at lines 192--192
\T1/cmr/m/n/12 CAN bus data,
 []


Underfull \hbox (badness 10000) in paragraph at lines 192--192
\T1/cmr/m/n/12 ti-fy-ing threats
 []


Underfull \hbox (badness 10000) in paragraph at lines 192--192
\T1/cmr/m/n/12 like ma-li-cious
 []


Underfull \hbox (badness 10000) in paragraph at lines 193--194
[]|\T1/cmr/m/n/12 Integrating
 []


Underfull \hbox (badness 10000) in paragraph at lines 193--194
\T1/cmr/m/n/12 with ma-
 []


Underfull \hbox (badness 10000) in paragraph at lines 193--194
\T1/cmr/m/n/12 chine
 []


Underfull \hbox (badness 10000) in paragraph at lines 193--194
\T1/cmr/m/n/12 learn-ing
 []


Underfull \hbox (badness 3240) in paragraph at lines 193--194
\T1/cmr/m/n/12 mod-els like
 []


Underfull \hbox (badness 10000) in paragraph at lines 193--194
\T1/cmr/m/n/12 LSTM or
 []


Overfull \hbox (3.21712pt too wide) in paragraph at lines 193--194
\T1/cmr/m/n/12 Transformer-
 []


Underfull \hbox (badness 10000) in paragraph at lines 193--194
\T1/cmr/m/n/12 based ar-
 []


Underfull \hbox (badness 10000) in paragraph at lines 193--194
\T1/cmr/m/n/12 chi-tec-tures
 []


Underfull \hbox (badness 10000) in paragraph at lines 193--194
\T1/cmr/m/n/12 de-tec-tion
 []


Underfull \hbox (badness 10000) in paragraph at lines 193--194
\T1/cmr/m/n/12 or real-
 []


Underfull \hbox (badness 2012) in paragraph at lines 193--194
\T1/cmr/m/n/12 time threat
 []


Underfull \hbox (badness 10000) in paragraph at lines 193--194
\T1/cmr/m/n/12 mit-i-ga-tion
 []


Underfull \hbox (badness 10000) in paragraph at lines 193--194
\T1/cmr/m/n/12 against
 []


Underfull \hbox (badness 10000) in paragraph at lines 193--194
\T1/cmr/m/n/12 early signs
 []


Underfull \hbox (badness 2772) in paragraph at lines 193--194
\T1/cmr/m/n/12 of wear or
 []


Underfull \hbox (badness 10000) in paragraph at lines 197--201
[]|\T1/cmr/m/n/12 Assessing
 []


Underfull \hbox (badness 4505) in paragraph at lines 197--201
\T1/cmr/m/n/12 the Im-pact
 []


Underfull \hbox (badness 10000) in paragraph at lines 197--201
\T1/cmr/m/n/12 of Driv-ing
 []


Underfull \hbox (badness 10000) in paragraph at lines 197--201
\T1/cmr/m/n/12 In-stan-ta-
 []


Underfull \hbox (badness 10000) in paragraph at lines 197--201
\T1/cmr/m/n/12 neous Fuel
 []


Underfull \hbox (badness 10000) in paragraph at lines 197--201
\T1/cmr/m/n/12 Con-sump-
 []


Underfull \hbox (badness 10000) in paragraph at lines 197--201

 []


Underfull \hbox (badness 10000) in paragraph at lines 197--201
\T1/cmr/m/n/12 Javier E.
 []


Underfull \hbox (badness 10000) in paragraph at lines 197--201
\T1/cmr/m/n/12 Meseguer,
 []


Underfull \hbox (badness 10000) in paragraph at lines 197--201
\T1/cmr/m/n/12 Car-los T.
 []


Underfull \hbox (badness 10000) in paragraph at lines 197--201
\T1/cmr/m/n/12 Calafate,
 []


Underfull \hbox (badness 10000) in paragraph at lines 197--201
\T1/cmr/m/n/12 Juan Car-
 []


Underfull \hbox (badness 10000) in paragraph at lines 197--201
\T1/cmr/m/n/12 los Cano,
 []


Underfull \hbox (badness 10000) in paragraph at lines 197--201

 []


Underfull \hbox (badness 10000) in paragraph at lines 197--201
\T1/cmr/m/n/12 (IEEE
 []


Underfull \hbox (badness 1546) in paragraph at lines 202--209
\T1/cmr/m/n/12 plat-form whose aim is to an-a-lyze and
 []


Underfull \hbox (badness 1005) in paragraph at lines 202--209
\T1/cmr/m/n/12 im-prove driv-ing habits to di-min-ish fuel
 []


Underfull \hbox (badness 1472) in paragraph at lines 202--209
\T1/cmr/m/n/12 II Blue-tooth in-ter-face, and smart-phone
 []


Underfull \hbox (badness 10000) in paragraph at lines 202--209

 []


Underfull \hbox (badness 2799) in paragraph at lines 202--209
\T1/cmr/m/n/12 The re-search ad-dresses the ris-ing fuel
 []


Underfull \hbox (badness 2103) in paragraph at lines 202--209
\T1/cmr/m/n/12 data min-ing and neu-ral net-works, the
 []


Underfull \hbox (badness 2538) in paragraph at lines 202--209
\T1/cmr/m/n/12 cal-cu-lates fuel con-sump-tion us-ing data
 []


Underfull \hbox (badness 10000) in paragraph at lines 202--209

 []


Underfull \hbox (badness 10000) in paragraph at lines 202--209
\T1/cmr/m/n/12 The sys-tem con-sists of an An-droid
 []


Underfull \hbox (badness 2229) in paragraph at lines 202--209
\T1/cmr/m/n/12 ef-fi-ciency and habits us-ing open-source
 []


Underfull \hbox (badness 10000) in paragraph at lines 202--209

 []


Underfull \hbox (badness 1852) in paragraph at lines 202--209
\T1/cmr/m/n/12 af-fect-ing the fuel us-age and emis-sions.
 []


Underfull \hbox (badness 10000) in paragraph at lines 210--211
\T1/cmr/m/n/12 ing style can
 []


Underfull \hbox (badness 2080) in paragraph at lines 210--211
\T1/cmr/m/n/12 house gas emis-
 []


Underfull \hbox (badness 10000) in paragraph at lines 210--211
\T1/cmr/m/n/12 sions, with an
 []


Underfull \hbox (badness 1629) in paragraph at lines 210--211
\T1/cmr/m/n/12 es-ti-mated sav-ing
 []


Underfull \hbox (badness 10000) in paragraph at lines 210--211
\T1/cmr/m/n/12 Driv-ingStyles
 []


Underfull \hbox (badness 10000) in paragraph at lines 210--211
\T1/cmr/m/n/12 plat-form, with
 []


Underfull \hbox (badness 5939) in paragraph at lines 210--211
\T1/cmr/m/n/12 smart-phone and
 []


Underfull \hbox (badness 10000) in paragraph at lines 210--211
\T1/cmr/m/n/12 ve-hi-cle data,
 []


Underfull \hbox (badness 10000) in paragraph at lines 210--211
\T1/cmr/m/n/12 is one of the
 []


Underfull \hbox (badness 10000) in paragraph at lines 210--211
\T1/cmr/m/n/12 prac-ti-cal tools
 []


Underfull \hbox (badness 10000) in paragraph at lines 210--211
\T1/cmr/m/n/12 to help raise
 []


Underfull \hbox (badness 10000) in paragraph at lines 210--211
\T1/cmr/m/n/12 aware-ness and
 []


Underfull \hbox (badness 10000) in paragraph at lines 210--211
\T1/cmr/m/n/12 im-prove driv-ing
 []


Underfull \hbox (badness 1442) in paragraph at lines 210--211
\T1/cmr/m/n/12 styles for bet-ter
 []


Underfull \hbox (badness 10000) in paragraph at lines 212--213
\T1/cmr/m/n/12 Trans-former
 []


Underfull \hbox (badness 10000) in paragraph at lines 212--213
\T1/cmr/m/n/12 mod-els
 []


Underfull \hbox (badness 10000) in paragraph at lines 212--213
\T1/cmr/m/n/12 to bet-ter
 []


Underfull \hbox (badness 10000) in paragraph at lines 212--213
\T1/cmr/m/n/12 cap-ture
 []


Underfull \hbox (badness 10000) in paragraph at lines 212--213
\T1/cmr/m/n/12 tem-po-ral
 []


Underfull \hbox (badness 10000) in paragraph at lines 212--213
\T1/cmr/m/n/12 driv-ing
 []


Underfull \hbox (badness 10000) in paragraph at lines 212--213
\T1/cmr/m/n/12 pat-terns
 []


Underfull \hbox (badness 10000) in paragraph at lines 212--213
\T1/cmr/m/n/12 in-di-vid-u-al-
 []


Underfull \hbox (badness 10000) in paragraph at lines 212--213
\T1/cmr/m/n/12 based on
 []


Underfull \hbox (badness 10000) in paragraph at lines 212--213
\T1/cmr/m/n/12 user-specific
 []


Underfull \hbox (badness 10000) in paragraph at lines 212--213
\T1/cmr/m/n/12 rec-om-men-
 []


Underfull \hbox (badness 10000) in paragraph at lines 217--221
[]|\T1/cmr/m/n/12 Exploring
 []


Underfull \hbox (badness 10000) in paragraph at lines 217--221
\T1/cmr/m/n/12 and Ran-
 []


Underfull \hbox (badness 2538) in paragraph at lines 217--221
\T1/cmr/m/n/12 dom For-est
 []


Underfull \hbox (badness 10000) in paragraph at lines 217--221
\T1/cmr/m/n/12 for Car
 []


Underfull \hbox (badness 10000) in paragraph at lines 217--221
\T1/cmr/m/n/12 Drivers'
 []


Underfull \hbox (badness 10000) in paragraph at lines 217--221
\T1/cmr/m/n/12 Fuel Con-
 []


Underfull \hbox (badness 10000) in paragraph at lines 217--221
\T1/cmr/m/n/12 sump-tion
 []


Underfull \hbox (badness 10000) in paragraph at lines 217--221
\T1/cmr/m/n/12 Es-ti-ma-tion
 []


Underfull \hbox (badness 10000) in paragraph at lines 217--221
\T1/cmr/m/n/12 in IoT-
 []


Underfull \hbox (badness 10000) in paragraph at lines 217--221
\T1/cmr/m/n/12 Enabled
 []


Underfull \hbox (badness 10000) in paragraph at lines 217--221
\T1/cmr/m/n/12 Se-ri-ous
 []


Underfull \hbox (badness 10000) in paragraph at lines 217--221

 []


Underfull \hbox (badness 10000) in paragraph at lines 217--221
\T1/cmr/m/n/12 Rana
 []


Underfull \hbox (badness 10000) in paragraph at lines 217--221
\T1/cmr/m/n/12 Mas-soud,
 []


Underfull \hbox (badness 10000) in paragraph at lines 217--221
\T1/cmr/m/n/12 Francesco
 []


Underfull \hbox (badness 10000) in paragraph at lines 217--221
\T1/cmr/m/n/12 Bel-lotti,
 []


Underfull \hbox (badness 10000) in paragraph at lines 217--221
\T1/cmr/m/n/12 Ric-cardo
 []


Underfull \hbox (badness 10000) in paragraph at lines 217--221
\T1/cmr/m/n/12 Berta,
 []


Underfull \hbox (badness 10000) in paragraph at lines 217--221
\T1/cmr/m/n/12 Alessan-dro
 []


Underfull \hbox (badness 10000) in paragraph at lines 217--221
\T1/cmr/m/n/12 De Glo-
 []


Underfull \hbox (badness 7291) in paragraph at lines 217--221
\T1/cmr/m/n/12 ria, Ste-fan
 []


Underfull \hbox (badness 10000) in paragraph at lines 217--221

 []


Underfull \hbox (badness 10000) in paragraph at lines 217--221
\T1/cmr/m/n/12 (IEEE
 []


Underfull \hbox (badness 3333) in paragraph at lines 222--228
\T1/cmr/m/n/12 Logic (FL) and Ran-dom For-est (RF)
 []


Underfull \hbox (badness 3803) in paragraph at lines 222--228
\T1/cmr/m/n/12 sump-tion in the con-text of pro-vid-ing
 []


Underfull \hbox (badness 1910) in paragraph at lines 222--228
\T1/cmr/m/n/12 of an IoT-enabled driv-ing game which
 []


Underfull \hbox (badness 10000) in paragraph at lines 222--228

 []


Underfull \hbox (badness 5726) in paragraph at lines 222--228
\T1/cmr/m/n/12 This re-search em-ploys real-time ve-hi-
 []


Underfull \hbox (badness 3407) in paragraph at lines 222--228
\T1/cmr/m/n/12 OBD-II in-ter-face to es-tab-lish ac-cu-rate
 []


Underfull \hbox (badness 1681) in paragraph at lines 222--228
\T1/cmr/m/n/12 mod-els for FC es-ti-ma-tion. Im-por-tant
 []


Underfull \hbox (badness 2426) in paragraph at lines 222--228
\T1/cmr/m/n/12 (TPS), rev-o-lu-tions per minute (RPM),
 []


Underfull \hbox (badness 1796) in paragraph at lines 222--228
\T1/cmr/m/n/12 en-vi-ron-ments is con-sid-ered in or-der to
 []


Underfull \hbox (badness 10000) in paragraph at lines 222--228

 []


Underfull \hbox (badness 1297) in paragraph at lines 222--228
\T1/cmr/m/n/12 FL uses "if-then" rules to pro-vide un-
 []


Underfull \hbox (badness 10000) in paragraph at lines 222--228

 []


Underfull \hbox (badness 10000) in paragraph at lines 222--228
\T1/cmr/m/n/12 Combining FL for in-tu-itive coach-ing
 []


Underfull \hbox (badness 5302) in paragraph at lines 222--228
\T1/cmr/m/n/12 prove to im-prove IoT-enabled driv-ing
 []


Underfull \hbox (badness 10000) in paragraph at lines 229--229
[]|\T1/cmr/m/n/12 Fuzzy Logic
 []


Underfull \hbox (badness 10000) in paragraph at lines 229--229
\T1/cmr/m/n/12 (FL) pro-vides
 []


Underfull \hbox (badness 10000) in paragraph at lines 229--229
\T1/cmr/m/n/12 in-ter-pretable
 []


Underfull \hbox (badness 10000) in paragraph at lines 229--229
\T1/cmr/m/n/12 feed-back for
 []


Underfull \hbox (badness 10000) in paragraph at lines 229--229
\T1/cmr/m/n/12 coach-ing, while
 []


Underfull \hbox (badness 10000) in paragraph at lines 229--229
\T1/cmr/m/n/12 Ran-dom For-est
 []


Underfull \hbox (badness 10000) in paragraph at lines 229--229
\T1/cmr/m/n/12 (RF) de-liv-ers
 []


Underfull \hbox (badness 10000) in paragraph at lines 229--229
\T1/cmr/m/n/12 su-pe-rior pre-dic-
 []


Underfull \hbox (badness 1735) in paragraph at lines 229--229
\T1/cmr/m/n/12 mod-el-ing. The
 []


Underfull \hbox (badness 10000) in paragraph at lines 229--229
\T1/cmr/m/n/12 com-bi-na-tion of
 []


Underfull \hbox (badness 4416) in paragraph at lines 229--229
\T1/cmr/m/n/12 e-fits from their
 []


Underfull \hbox (badness 10000) in paragraph at lines 229--229
\T1/cmr/m/n/12 strengths and
 []


Underfull \hbox (badness 10000) in paragraph at lines 229--229
\T1/cmr/m/n/12 for IoT-enabled
 []


Underfull \hbox (badness 10000) in paragraph at lines 229--229
\T1/cmr/m/n/12 driv-ing games
 []


Underfull \hbox (badness 6978) in paragraph at lines 229--229
\T1/cmr/m/n/12 other fields re-
 []


Underfull \hbox (badness 1448) in paragraph at lines 229--229
\T1/cmr/m/n/12 quir-ing real-time
 []


Underfull \hbox (badness 10000) in paragraph at lines 230--231
[]|\T1/cmr/m/n/12 Benchmark
 []


Underfull \hbox (badness 10000) in paragraph at lines 230--231
\T1/cmr/m/n/12 the per-
 []


Underfull \hbox (badness 10000) in paragraph at lines 230--231
\T1/cmr/m/n/12 for-mance
 []


Underfull \hbox (badness 2142) in paragraph at lines 230--231
\T1/cmr/m/n/12 of RF and
 []


Underfull \hbox (badness 6526) in paragraph at lines 230--231
\T1/cmr/m/n/12 FL against
 []


Underfull \hbox (badness 1668) in paragraph at lines 230--231
\T1/cmr/m/n/12 newer al-go-
 []


Underfull \hbox (badness 10000) in paragraph at lines 230--231
\T1/cmr/m/n/12 Boost-ing
 []


Underfull \hbox (badness 10000) in paragraph at lines 230--231
\T1/cmr/m/n/12 (e.g., XG-
 []


Underfull \hbox (badness 10000) in paragraph at lines 230--231
\T1/cmr/m/n/12 Boost) or
 []


Underfull \hbox (badness 5147) in paragraph at lines 230--231
\T1/cmr/m/n/12 neu-ral net-
 []


Underfull \hbox (badness 10000) in paragraph at lines 230--231
\T1/cmr/m/n/12 works, to
 []


Underfull \hbox (badness 10000) in paragraph at lines 230--231
\T1/cmr/m/n/12 choice of
 []


Overfull \hbox (34.4115pt too wide) in alignment at lines 70--233
 [] [] [] [] 
 []


Package fancyhdr Warning: \headheight is too small (12.0pt): 
(fancyhdr)                Make it at least 14.49998pt, for example:
(fancyhdr)                \setlength{\headheight}{14.49998pt}.
(fancyhdr)                You might also make \topmargin smaller to compensate:

(fancyhdr)                \addtolength{\topmargin}{-2.49998pt}.

[3]

Package fancyhdr Warning: \headheight is too small (12.0pt): 
(fancyhdr)                Make it at least 14.49998pt, for example:
(fancyhdr)                \setlength{\headheight}{14.49998pt}.
(fancyhdr)                You might also make \topmargin smaller to compensate:

(fancyhdr)                \addtolength{\topmargin}{-2.49998pt}.

[4]

Package fancyhdr Warning: \headheight is too small (12.0pt): 
(fancyhdr)                Make it at least 14.49998pt, for example:
(fancyhdr)                \setlength{\headheight}{14.49998pt}.
(fancyhdr)                You might also make \topmargin smaller to compensate:

(fancyhdr)                \addtolength{\topmargin}{-2.49998pt}.

[5]

Package fancyhdr Warning: \headheight is too small (12.0pt): 
(fancyhdr)                Make it at least 14.49998pt, for example:
(fancyhdr)                \setlength{\headheight}{14.49998pt}.
(fancyhdr)                You might also make \topmargin smaller to compensate:

(fancyhdr)                \addtolength{\topmargin}{-2.49998pt}.

[6]

Package fancyhdr Warning: \headheight is too small (12.0pt): 
(fancyhdr)                Make it at least 14.49998pt, for example:
(fancyhdr)                \setlength{\headheight}{14.49998pt}.
(fancyhdr)                You might also make \topmargin smaller to compensate:

(fancyhdr)                \addtolength{\topmargin}{-2.49998pt}.

[7]

Package fancyhdr Warning: \headheight is too small (12.0pt): 
(fancyhdr)                Make it at least 14.49998pt, for example:
(fancyhdr)                \setlength{\headheight}{14.49998pt}.
(fancyhdr)                You might also make \topmargin smaller to compensate:

(fancyhdr)                \addtolength{\topmargin}{-2.49998pt}.

[8]

Package fancyhdr Warning: \headheight is too small (12.0pt): 
(fancyhdr)                Make it at least 14.49998pt, for example:
(fancyhdr)                \setlength{\headheight}{14.49998pt}.
(fancyhdr)                You might also make \topmargin smaller to compensate:

(fancyhdr)                \addtolength{\topmargin}{-2.49998pt}.

[9]

Package fancyhdr Warning: \headheight is too small (12.0pt): 
(fancyhdr)                Make it at least 14.49998pt, for example:
(fancyhdr)                \setlength{\headheight}{14.49998pt}.
(fancyhdr)                You might also make \topmargin smaller to compensate:

(fancyhdr)                \addtolength{\topmargin}{-2.49998pt}.

[10]

Package fancyhdr Warning: \headheight is too small (12.0pt): 
(fancyhdr)                Make it at least 14.49998pt, for example:
(fancyhdr)                \setlength{\headheight}{14.49998pt}.
(fancyhdr)                You might also make \topmargin smaller to compensate:

(fancyhdr)                \addtolength{\topmargin}{-2.49998pt}.

[11]

Package fancyhdr Warning: \headheight is too small (12.0pt): 
(fancyhdr)                Make it at least 14.49998pt, for example:
(fancyhdr)                \setlength{\headheight}{14.49998pt}.
(fancyhdr)                You might also make \topmargin smaller to compensate:

(fancyhdr)                \addtolength{\topmargin}{-2.49998pt}.

[12]) (./chapters/description.tex

Package fancyhdr Warning: \headheight is too small (12.0pt): 
(fancyhdr)                Make it at least 14.49998pt, for example:
(fancyhdr)                \setlength{\headheight}{14.49998pt}.
(fancyhdr)                You might also make \topmargin smaller to compensate:

(fancyhdr)                \addtolength{\topmargin}{-2.49998pt}.

[13{/usr/share/texmf-dist/fonts/enc/dvips/cm-super/cm-super-ts1.enc}]
Chapter 2.
[14

]

Package fancyhdr Warning: \headheight is too small (12.0pt): 
(fancyhdr)                Make it at least 14.49998pt, for example:
(fancyhdr)                \setlength{\headheight}{14.49998pt}.
(fancyhdr)                You might also make \topmargin smaller to compensate:

(fancyhdr)                \addtolength{\topmargin}{-2.49998pt}.

[15]) (./chapters/requirements.tex

Package fancyhdr Warning: \headheight is too small (12.0pt): 
(fancyhdr)                Make it at least 14.49998pt, for example:
(fancyhdr)                \setlength{\headheight}{14.49998pt}.
(fancyhdr)                You might also make \topmargin smaller to compensate:

(fancyhdr)                \addtolength{\topmargin}{-2.49998pt}.

[16]
Chapter 3.
[17

]

Package fancyhdr Warning: \headheight is too small (12.0pt): 
(fancyhdr)                Make it at least 14.49998pt, for example:
(fancyhdr)                \setlength{\headheight}{14.49998pt}.
(fancyhdr)                You might also make \topmargin smaller to compensate:

(fancyhdr)                \addtolength{\topmargin}{-2.49998pt}.

[18]) (./chapters/systemdesign.tex

Package fancyhdr Warning: \headheight is too small (12.0pt): 
(fancyhdr)                Make it at least 14.49998pt, for example:
(fancyhdr)                \setlength{\headheight}{14.49998pt}.
(fancyhdr)                You might also make \topmargin smaller to compensate:

(fancyhdr)                \addtolength{\topmargin}{-2.49998pt}.

[19]
Chapter 4.
<assets/system_design_adam.png, id=300, 1472.50125pt x 1337.74782pt>
File: assets/system_design_adam.png Graphic file (type png)
<use assets/system_design_adam.png>
Package pdftex.def Info: assets/system_design_adam.png  used on input line 12.
(pdftex.def)             Requested size: 426.79134pt x 387.7328pt.
[20

 <./assets/system_design_adam.png>]

Package fancyhdr Warning: \headheight is too small (12.0pt): 
(fancyhdr)                Make it at least 14.49998pt, for example:
(fancyhdr)                \setlength{\headheight}{14.49998pt}.
(fancyhdr)                You might also make \topmargin smaller to compensate:

(fancyhdr)                \addtolength{\topmargin}{-2.49998pt}.

[21]
Underfull \hbox (badness 10000) in paragraph at lines 43--44

 []

<assets/obd_pinout.png, id=312, 1003.75pt x 233.87375pt>
File: assets/obd_pinout.png Graphic file (type png)
<use assets/obd_pinout.png>
Package pdftex.def Info: assets/obd_pinout.png  used on input line 48.
(pdftex.def)             Requested size: 369.88582pt x 86.18576pt.

Package fancyhdr Warning: \headheight is too small (12.0pt): 
(fancyhdr)                Make it at least 14.49998pt, for example:
(fancyhdr)                \setlength{\headheight}{14.49998pt}.
(fancyhdr)                You might also make \topmargin smaller to compensate:

(fancyhdr)                \addtolength{\topmargin}{-2.49998pt}.

[22 <./assets/obd_pinout.png (PNG copy)>]
Overfull \hbox (4.91629pt too wide) in paragraph at lines 60--80
 [][] 
 []


Package fancyhdr Warning: \headheight is too small (12.0pt): 
(fancyhdr)                Make it at least 14.49998pt, for example:
(fancyhdr)                \setlength{\headheight}{14.49998pt}.
(fancyhdr)                You might also make \topmargin smaller to compensate:

(fancyhdr)                \addtolength{\topmargin}{-2.49998pt}.

[23]

Package fancyhdr Warning: \headheight is too small (12.0pt): 
(fancyhdr)                Make it at least 14.49998pt, for example:
(fancyhdr)                \setlength{\headheight}{14.49998pt}.
(fancyhdr)                You might also make \topmargin smaller to compensate:

(fancyhdr)                \addtolength{\topmargin}{-2.49998pt}.

[24]) (./chapters/implementation.tex

Package fancyhdr Warning: \headheight is too small (12.0pt): 
(fancyhdr)                Make it at least 14.49998pt, for example:
(fancyhdr)                \setlength{\headheight}{14.49998pt}.
(fancyhdr)                You might also make \topmargin smaller to compensate:

(fancyhdr)                \addtolength{\topmargin}{-2.49998pt}.

[25]
Chapter 5.

Underfull \hbox (badness 10000) in paragraph at lines 26--27
[]\T1/cmr/bx/n/12 Response
 []


Underfull \hbox (badness 10000) in paragraph at lines 32--32
[]\T1/cmr/m/n/12 Airflow rate (Mass Air
 []


Underfull \hbox (badness 10000) in paragraph at lines 32--32
[]\T1/cmr/m/n/12 Unit:
 []


Overfull \hbox (46.41463pt too wide) in paragraph at lines 24--37
 [][] 
 []


LaTeX Warning: `!h' float specifier changed to `!ht'.

[26

]

Package fancyhdr Warning: \headheight is too small (12.0pt): 
(fancyhdr)                Make it at least 14.49998pt, for example:
(fancyhdr)                \setlength{\headheight}{14.49998pt}.
(fancyhdr)                You might also make \topmargin smaller to compensate:

(fancyhdr)                \addtolength{\topmargin}{-2.49998pt}.

[27]

Package fancyhdr Warning: \headheight is too small (12.0pt): 
(fancyhdr)                Make it at least 14.49998pt, for example:
(fancyhdr)                \setlength{\headheight}{14.49998pt}.
(fancyhdr)                You might also make \topmargin smaller to compensate:

(fancyhdr)                \addtolength{\topmargin}{-2.49998pt}.

[28]) (./chapters/conclusion.tex

Package fancyhdr Warning: \headheight is too small (12.0pt): 
(fancyhdr)                Make it at least 14.49998pt, for example:
(fancyhdr)                \setlength{\headheight}{14.49998pt}.
(fancyhdr)                You might also make \topmargin smaller to compensate:

(fancyhdr)                \addtolength{\topmargin}{-2.49998pt}.

[29]
Chapter 6.
) (./chapters/bibliography.tex [30

]
Chapter 7.
LaTeX Font Info:    Trying to load font information for T1+cmtt on input line 7
.
(/usr/share/texmf-dist/tex/latex/base/t1cmtt.fd
File: t1cmtt.fd 2023/04/13 v2.5m Standard LaTeX font definitions
) [31

]
Overfull \hbox (1.20135pt too wide) in paragraph at lines 23--24
\T1/cmr/m/it/12 fer-ence on In-for-ma-tion Sci-ence, Com-puter Tech-nol-ogy and
 Trans-porta-tion (ISCTT)\T1/cmr/m/n/12 ,
 []

)

Package fancyhdr Warning: \headheight is too small (12.0pt): 
(fancyhdr)                Make it at least 14.49998pt, for example:
(fancyhdr)                \setlength{\headheight}{14.49998pt}.
(fancyhdr)                You might also make \topmargin smaller to compensate:

(fancyhdr)                \addtolength{\topmargin}{-2.49998pt}.

[32] (./main.aux)
 ***********
LaTeX2e <2023-11-01> patch level 1
L3 programming layer <2024-02-20>
 ***********
Package rerunfilecheck Info: File `main.out' has not changed.
(rerunfilecheck)             Checksum: 23C21AB800B6734ABE1E3AF1F23B4F7F;6162.
 ) 
Here is how much of TeX's memory you used:
 11117 strings out of 476076
 168977 string characters out of 5793776
 1999187 words of memory out of 5000000
 32906 multiletter control sequences out of 15000+600000
 574591 words of font info for 72 fonts, out of 8000000 for 9000
 14 hyphenation exceptions out of 8191
 80i,11n,82p,1135b,560s stack positions out of 10000i,1000n,20000p,200000b,200000s
</usr/share/texmf-dist/fonts/type1/public/cm-super/sfbx1095.pfb></usr/share/t
exmf-dist/fonts/type1/public/cm-super/sfbx1200.pfb></usr/share/texmf-dist/fonts
/type1/public/cm-super/sfbx1440.pfb></usr/share/texmf-dist/fonts/type1/public/c
m-super/sfbx1728.pfb></usr/share/texmf-dist/fonts/type1/public/cm-super/sfbx207
4.pfb></usr/share/texmf-dist/fonts/type1/public/cm-super/sfbx2488.pfb></usr/sha
re/texmf-dist/fonts/type1/public/cm-super/sfrm1095.pfb></usr/share/texmf-dist/f
onts/type1/public/cm-super/sfrm1200.pfb></usr/share/texmf-dist/fonts/type1/publ
ic/cm-super/sfrm1440.pfb></usr/share/texmf-dist/fonts/type1/public/cm-super/sfr
m1728.pfb></usr/share/texmf-dist/fonts/type1/public/cm-super/sfti1200.pfb></usr
/share/texmf-dist/fonts/type1/public/cm-super/sftt1200.pfb>
Output written on main.pdf (40 pages, 941814 bytes).
PDF statistics:
 487 PDF objects out of 1000 (max. 8388607)
 410 compressed objects within 5 object streams
 132 named destinations out of 1000 (max. 500000)
 296 words of extra memory for PDF output out of 10000 (max. 10000000)

